<?xml version="1.0" encoding="UTF-8"?>
<testsuite xmlns:xsi="http://www.w3.org/2001/XMLSchema-instance" xsi:noNamespaceSchemaLocation="https://maven.apache.org/surefire/maven-surefire-plugin/xsd/surefire-test-report.xsd" name="nz.ac.auckland.se281.a2.BurgerShopTestSuite" time="13.081" tests="41" errors="0" skipped="0" failures="0">
  <properties>
[...]
</properties>
  <testcase name="T1_01_add_one_burger" classname="nz.ac.auckland.se281.a2.BurgerShopTestSuite$Task1Test" time="0.841"/>
  <testcase name="T1_02_add_two_veg_burger" classname="nz.ac.auckland.se281.a2.BurgerShopTestSuite$Task1Test" time="0.249"/>
  <testcase name="T1_03_add_two_veg_burger_cart_twice" classname="nz.ac.auckland.se281.a2.BurgerShopTestSuite$Task1Test" time="0.24"/>
  <testcase name="T1_04_add_two_diff_burgers" classname="nz.ac.auckland.se281.a2.BurgerShopTestSuite$Task1Test" time="0.285"/>
  <testcase name="T1_05_add_two_diff_burgers_total" classname="nz.ac.auckland.se281.a2.BurgerShopTestSuite$Task1Test" time="0.266"/>
  <testcase name="T1_06_add_one_snack" classname="nz.ac.auckland.se281.a2.BurgerShopTestSuite$Task1Test" time="0.25"/>
  <testcase name="T1_07_add_one_snack_size" classname="nz.ac.auckland.se281.a2.BurgerShopTestSuite$Task1Test" time="0.216"/>
  <testcase name="T1_08_add_one_snack_size_price" classname="nz.ac.auckland.se281.a2.BurgerShopTestSuite$Task1Test" time="0.225"/>
  <testcase name="T1_09_add_one_drink" classname="nz.ac.auckland.se281.a2.BurgerShopTestSuite$Task1Test" time="0.265"/>
  <testcase name="T1_10_show_cart_total_one_item" classname="nz.ac.auckland.se281.a2.BurgerShopTestSuite$Task1Test" time="0.296"/>
  <testcase name="T1_11_show_cart_total_two_items" classname="nz.ac.auckland.se281.a2.BurgerShopTestSuite$Task1Test" time="0.237"/>
  <testcase name="T1_12_show_cart_total_two_diff_items" classname="nz.ac.auckland.se281.a2.BurgerShopTestSuite$Task1Test" time="0.226"/>
  <testcase name="T1_13_empty_cart" classname="nz.ac.auckland.se281.a2.BurgerShopTestSuite$Task1Test" time="0.219"/>
  <testcase name="T1_14_show_cart_discount" classname="nz.ac.auckland.se281.a2.BurgerShopTestSuite$Task1Test" time="0.512"/>
  <testcase name="T2_01_add_combo" classname="nz.ac.auckland.se281.a2.BurgerShopTestSuite$Task2Test" time="0.259"/>
  <testcase name="T2_02_add_combo_M" classname="nz.ac.auckland.se281.a2.BurgerShopTestSuite$Task2Test" time="0.22"/>
  <testcase name="T2_03_add_combo_XL" classname="nz.ac.auckland.se281.a2.BurgerShopTestSuite$Task2Test" time="0.235"/>
  <testcase name="T2_04_add_combo_L_price" classname="nz.ac.auckland.se281.a2.BurgerShopTestSuite$Task2Test" time="0.228"/>
  <testcase name="T2_05_add_combo_L_price_total" classname="nz.ac.auckland.se281.a2.BurgerShopTestSuite$Task2Test" time="0.236"/>
  <testcase name="T2_06_add_two_combos_price" classname="nz.ac.auckland.se281.a2.BurgerShopTestSuite$Task2Test" time="0.3"/>
  <testcase name="T2_07_add_combo_XL_price_total" classname="nz.ac.auckland.se281.a2.BurgerShopTestSuite$Task2Test" time="0.258"/>
  <testcase name="T2_08_show_cart_discount_combo" classname="nz.ac.auckland.se281.a2.BurgerShopTestSuite$Task2Test" time="0.504"/>
  <testcase name="T3_01_remove_item" classname="nz.ac.auckland.se281.a2.BurgerShopTestSuite$Task3Test" time="0.611"/>
  <testcase name="T3_02_remove_item_correct_cart_update" classname="nz.ac.auckland.se281.a2.BurgerShopTestSuite$Task3Test" time="0.444"/>
  <testcase name="T3_03_remove_item_correct_cart_update_2" classname="nz.ac.auckland.se281.a2.BurgerShopTestSuite$Task3Test" time="0.435"/>
  <testcase name="T3_04_remove_two_items" classname="nz.ac.auckland.se281.a2.BurgerShopTestSuite$Task3Test" time="0.552"/>
  <testcase name="T3_05_check_boundary" classname="nz.ac.auckland.se281.a2.BurgerShopTestSuite$Task3Test" time="0.461"/>
  <testcase name="T3_06_clear_all" classname="nz.ac.auckland.se281.a2.BurgerShopTestSuite$Task3Test" time="0.479"/>
  <testcase name="T4_01_warning_combo_false" classname="nz.ac.auckland.se281.a2.BurgerShopTestSuite$Task4Test" time="0.304"/>
  <testcase name="T4_02_warning_combo_false" classname="nz.ac.auckland.se281.a2.BurgerShopTestSuite$Task4Test" time="0.241"/>
  <testcase name="T4_03_warning_combo_true" classname="nz.ac.auckland.se281.a2.BurgerShopTestSuite$Task4Test" time="0.228"/>
  <testcase name="T4_04_check_print_cart" classname="nz.ac.auckland.se281.a2.BurgerShopTestSuite$Task4Test" time="0.228"/>
  <testcase name="T4_05_estimate_time_5_minutes" classname="nz.ac.auckland.se281.a2.BurgerShopTestSuite$Task4Test" time="0.226"/>
  <testcase name="T4_06_estimate_time_6_minutes" classname="nz.ac.auckland.se281.a2.BurgerShopTestSuite$Task4Test" time="0.291"/>
  <testcase name="T4_07_estimate_time_7_minutes" classname="nz.ac.auckland.se281.a2.BurgerShopTestSuite$Task4Test" time="0.238"/>
  <testcase name="T4_08_estimate_time_7_minutes_burger_snack" classname="nz.ac.auckland.se281.a2.BurgerShopTestSuite$Task4Test" time="0.226"/>
  <testcase name="T4_09_estimate_time_3_minutes_45_seconds_snack_drink" classname="nz.ac.auckland.se281.a2.BurgerShopTestSuite$Task4Test" time="0.251"/>
  <testcase name="T4_10_estimate_time_9_minutes_15_seconds_burger_snack_drink" classname="nz.ac.auckland.se281.a2.BurgerShopTestSuite$Task4Test" time="0.265"/>
  <testcase name="T4_11_estimate_time_8_minutes_45_seconds_combo" classname="nz.ac.auckland.se281.a2.BurgerShopTestSuite$Task4Test" time="0.423"/>
  <testcase name="T4_12_clear_cart" classname="nz.ac.auckland.se281.a2.BurgerShopTestSuite$Task4Test" time="0.236"/>
  <testcase name="T4_13_cannot_order_cart_empty" classname="nz.ac.auckland.se281.a2.BurgerShopTestSuite$Task4Test" time="0.22"/>
</testsuite>